fusesoc --cores-root=. run --target=sim --setup --build \
	lowrisc:ibex:ibex_ga_system \
	--RV32E=0 --RV32M=ibex_pkg::RV32MFast --RV32B=ibex_pkg::RV32BNone --RegFile=ibex_pkg::RegFileFF --BranchTargetALU=0 --WritebackStage=0 --ICache=0 --ICacheECC=0 --ICacheScramble=0 --BranchPredictor=0 --DbgTriggerEn=0 --SecureIbex=0 --PMPEnable=0 --PMPGranularity=0 --PMPNumRegions=4 --MHPMCounterNum=0 --MHPMCounterWidth=40
INFO: Preparing lowrisc:dv:dv_fcov_macros:0
INFO: Preparing lowrisc:ibex:ibex_pkg:0.1
INFO: Preparing lowrisc:prim:primgen:0.1
INFO: Preparing lowrisc:tool:check_tool_requirements:0.1
INFO: Preparing lowrisc:lint:common:0.1
INFO: Preparing lowrisc:prim:prim_pkg:0.1
INFO: Preparing lowrisc:prim:assert:0.1
INFO: Preparing lowrisc:prim:cipher_pkg:0.1
INFO: Preparing lowrisc:prim:clock_gating:0
INFO: Preparing lowrisc:prim:secded:0.1
INFO: Preparing lowrisc:ibex:ibex_icache:0.1
INFO: Preparing lowrisc:prim:buf:0
INFO: Preparing lowrisc:prim:flop:0
INFO: Preparing lowrisc:prim:lfsr:0.1
INFO: Preparing lowrisc:prim:mubi:0.1
INFO: Preparing lowrisc:ibex:ibex_core:0.1
INFO: Preparing lowrisc:ibex:ibex_ga_system_core:0
INFO: Preparing lowrisc:ibex:ibex_ga_system:0
INFO: Generating lowrisc:prim:prim_pkg-impl:0.1
Creating prim_pkg.sv
Core file written to prim_pkg.core.
INFO: Generating lowrisc:prim:clock_gating-impl:0
Implementations for primitive clock_gating: xilinx, generic
Inspecting generic module /home/ben/ibex/vendor/lowrisc_ip/ip/prim_generic/rtl/prim_generic_clock_gating.sv
[Errno 2] No such file or directory: 'verible-verilog-syntax'
Verible parser failed, using regex fallback instead.
Creating SystemVerilog module for abstract primitive
Abstract primitive written to /tmp/lowrisc_prim_clock_gating-impl_04cdjbz5h/prim_clock_gating.sv
Creating core file for primitive clock_gating.
Core file written to /tmp/lowrisc_prim_clock_gating-impl_04cdjbz5h/prim_clock_gating.core
INFO: Generating lowrisc:prim:buf-impl:0
Implementations for primitive buf: generic, xilinx
Inspecting generic module /home/ben/ibex/vendor/lowrisc_ip/ip/prim_generic/rtl/prim_generic_buf.sv
[Errno 2] No such file or directory: 'verible-verilog-syntax'
Verible parser failed, using regex fallback instead.
Creating SystemVerilog module for abstract primitive
Abstract primitive written to /tmp/lowrisc_prim_buf-impl_0pcggrzjq/prim_buf.sv
Creating core file for primitive buf.
Core file written to /tmp/lowrisc_prim_buf-impl_0pcggrzjq/prim_buf.core
INFO: Generating lowrisc:prim:flop-impl:0
Implementations for primitive flop: generic, xilinx
Inspecting generic module /home/ben/ibex/vendor/lowrisc_ip/ip/prim_generic/rtl/prim_generic_flop.sv
[Errno 2] No such file or directory: 'verible-verilog-syntax'
Verible parser failed, using regex fallback instead.
Creating SystemVerilog module for abstract primitive
Abstract primitive written to /tmp/lowrisc_prim_flop-impl_0icd2xbb4/prim_flop.sv
Creating core file for primitive flop.
Core file written to /tmp/lowrisc_prim_flop-impl_0icd2xbb4/prim_flop.core
INFO: Wrote dependency graph to /home/ben/ibex/build/lowrisc_ibex_ibex_ga_system_0/sim-verilator/lowrisc_ibex_ibex_ga_system_0.deps-after-generators.dot
INFO: Setting up project
INFO: Running pre_build script check_tool_requirements
INFO: Building simulation model
INFO: make[1]: Entering directory '/home/ben/ibex/build/lowrisc_ibex_ibex_ga_system_0/sim-verilator'
verilator -f lowrisc_ibex_ibex_ga_system_0.vc --trace --trace-fst --trace-structs --trace-params --trace-max-array 1024 -CFLAGS "-std=c++14 -Wall -DVM_TRACE_FMT_FST -DTOPLEVEL_NAME=ibex_ga_system -g" -LDFLAGS "-pthread -lutil -lelf" -Wall --unroll-count 72
make[1]: Leaving directory '/home/ben/ibex/build/lowrisc_ibex_ibex_ga_system_0/sim-verilator'

ERROR: %Warning-PINMISSING: ../src/lowrisc_ibex_ibex_ga_system_core_0/rtl/ibex_ga_system.sv:114:5: Cell has missing pin: 'dummy_instr_id_o'
  114 |   ) u_ibex_core (
      |     ^~~~~~~~~~~
                     ... For warning description see https://verilator.org/warn/PINMISSING?v=5.002
                     ... Use "/* verilator lint_off PINMISSING */" and lint_on around source to disable this message.
%Warning-PINMISSING: ../src/lowrisc_ibex_ibex_ga_system_core_0/rtl/ibex_ga_system.sv:114:5: Cell has missing pin: 'dummy_instr_wb_o'
  114 |   ) u_ibex_core (
      |     ^~~~~~~~~~~
%Warning-PINMISSING: ../src/lowrisc_ibex_ibex_ga_system_core_0/rtl/ibex_ga_system.sv:114:5: Cell has missing pin: 'rf_raddr_a_o'
  114 |   ) u_ibex_core (
      |     ^~~~~~~~~~~
%Warning-PINMISSING: ../src/lowrisc_ibex_ibex_ga_system_core_0/rtl/ibex_ga_system.sv:114:5: Cell has missing pin: 'rf_raddr_b_o'
  114 |   ) u_ibex_core (
      |     ^~~~~~~~~~~
%Warning-PINMISSING: ../src/lowrisc_ibex_ibex_ga_system_core_0/rtl/ibex_ga_system.sv:114:5: Cell has missing pin: 'rf_waddr_wb_o'
  114 |   ) u_ibex_core (
      |     ^~~~~~~~~~~
%Warning-PINMISSING: ../src/lowrisc_ibex_ibex_ga_system_core_0/rtl/ibex_ga_system.sv:114:5: Cell has missing pin: 'rf_we_wb_o'
  114 |   ) u_ibex_core (
      |     ^~~~~~~~~~~
%Warning-PINMISSING: ../src/lowrisc_ibex_ibex_ga_system_core_0/rtl/ibex_ga_system.sv:114:5: Cell has missing pin: 'rf_wdata_wb_ecc_o'
  114 |   ) u_ibex_core (
      |     ^~~~~~~~~~~
%Warning-PINMISSING: ../src/lowrisc_ibex_ibex_ga_system_core_0/rtl/ibex_ga_system.sv:114:5: Cell has missing pin: 'rf_rdata_a_ecc_i'
  114 |   ) u_ibex_core (
      |     ^~~~~~~~~~~
%Warning-PINMISSING: ../src/lowrisc_ibex_ibex_ga_system_core_0/rtl/ibex_ga_system.sv:114:5: Cell has missing pin: 'rf_rdata_b_ecc_i'
  114 |   ) u_ibex_core (
      |     ^~~~~~~~~~~
%Warning-PINMISSING: ../src/lowrisc_ibex_ibex_ga_system_core_0/rtl/ibex_ga_system.sv:114:5: Cell has missing pin: 'ic_tag_req_o'
  114 |   ) u_ibex_core (
      |     ^~~~~~~~~~~
%Warning-PINMISSING: ../src/lowrisc_ibex_ibex_ga_system_core_0/rtl/ibex_ga_system.sv:114:5: Cell has missing pin: 'ic_tag_write_o'
  114 |   ) u_ibex_core (
      |     ^~~~~~~~~~~
%Warning-PINMISSING: ../src/lowrisc_ibex_ibex_ga_system_core_0/rtl/ibex_ga_system.sv:114:5: Cell has missing pin: 'ic_tag_addr_o'
  114 |   ) u_ibex_core (
      |     ^~~~~~~~~~~
%Warning-PINMISSING: ../src/lowrisc_ibex_ibex_ga_system_core_0/rtl/ibex_ga_system.sv:114:5: Cell has missing pin: 'ic_tag_wdata_o'
  114 |   ) u_ibex_core (
      |     ^~~~~~~~~~~
%Warning-PINMISSING: ../src/lowrisc_ibex_ibex_ga_system_core_0/rtl/ibex_ga_system.sv:114:5: Cell has missing pin: 'ic_tag_rdata_i'
  114 |   ) u_ibex_core (
      |     ^~~~~~~~~~~
%Warning-PINMISSING: ../src/lowrisc_ibex_ibex_ga_system_core_0/rtl/ibex_ga_system.sv:114:5: Cell has missing pin: 'ic_data_req_o'
  114 |   ) u_ibex_core (
      |     ^~~~~~~~~~~
%Warning-PINMISSING: ../src/lowrisc_ibex_ibex_ga_system_core_0/rtl/ibex_ga_system.sv:114:5: Cell has missing pin: 'ic_data_write_o'
  114 |   ) u_ibex_core (
      |     ^~~~~~~~~~~
%Warning-PINMISSING: ../src/lowrisc_ibex_ibex_ga_system_core_0/rtl/ibex_ga_system.sv:114:5: Cell has missing pin: 'ic_data_addr_o'
  114 |   ) u_ibex_core (
      |     ^~~~~~~~~~~
%Warning-PINMISSING: ../src/lowrisc_ibex_ibex_ga_system_core_0/rtl/ibex_ga_system.sv:114:5: Cell has missing pin: 'ic_data_wdata_o'
  114 |   ) u_ibex_core (
      |     ^~~~~~~~~~~
%Warning-PINMISSING: ../src/lowrisc_ibex_ibex_ga_system_core_0/rtl/ibex_ga_system.sv:114:5: Cell has missing pin: 'ic_data_rdata_i'
  114 |   ) u_ibex_core (
      |     ^~~~~~~~~~~
%Warning-PINMISSING: ../src/lowrisc_ibex_ibex_ga_system_core_0/rtl/ibex_ga_system.sv:114:5: Cell has missing pin: 'ic_scr_key_valid_i'
  114 |   ) u_ibex_core (
      |     ^~~~~~~~~~~
%Warning-PINMISSING: ../src/lowrisc_ibex_ibex_ga_system_core_0/rtl/ibex_ga_system.sv:114:5: Cell has missing pin: 'ic_scr_key_req_o'
  114 |   ) u_ibex_core (
      |     ^~~~~~~~~~~
%Warning-PINMISSING: ../src/lowrisc_ibex_ibex_ga_system_core_0/rtl/ibex_ga_system.sv:114:5: Cell has missing pin: 'irq_pending_o'
  114 |   ) u_ibex_core (
      |     ^~~~~~~~~~~
%Warning-PINMISSING: ../src/lowrisc_ibex_ibex_ga_system_core_0/rtl/ibex_ga_system.sv:114:5: Cell has missing pin: 'double_fault_seen_o'
  114 |   ) u_ibex_core (
      |     ^~~~~~~~~~~
%Warning-PINMISSING: ../src/lowrisc_ibex_ibex_ga_system_core_0/rtl/ibex_ga_system.sv:114:5: Cell has missing pin: 'alert_major_internal_o'
  114 |   ) u_ibex_core (
      |     ^~~~~~~~~~~
%Warning-PINMISSING: ../src/lowrisc_ibex_ibex_ga_system_core_0/rtl/ibex_ga_system.sv:114:5: Cell has missing pin: 'alert_major_bus_o'
  114 |   ) u_ibex_core (
      |     ^~~~~~~~~~~
%Warning-PINMISSING: ../src/lowrisc_ibex_ibex_ga_system_core_0/rtl/ibex_ga_system.sv:114:5: Cell has missing pin: 'core_busy_o'
  114 |   ) u_ibex_core (
      |     ^~~~~~~~~~~
%Error-PINNOTFOUND: ../src/lowrisc_ibex_ibex_ga_system_core_0/rtl/ibex_ga_system.sv:153:6: Pin not found: 'alert_major_o'
                                                                                         : ... Suggested alternative: 'alert_minor_o'
  153 |     .alert_major_o       (alert_major_o),
      |      ^~~~~~~~~~~~~
%Error-PINNOTFOUND: ../src/lowrisc_ibex_ibex_ga_system_core_0/rtl/ibex_ga_system.sv:154:6: Pin not found: 'core_sleep_o'
  154 |     .core_sleep_o        (core_sleep_o)
      |      ^~~~~~~~~~~~
%Error: Parameters from the command line were not found in the design: BranchPredictor BranchTargetALU DbgTriggerEn ICache ICacheECC ICacheScramble RV32E SecureIbex WritebackStage
%Error: Exiting due to 3 error(s), 26 warning(s)
make[1]: *** [Makefile:16: Vibex_ga_system.mk] Error 1

ERROR: Failed to build lowrisc:ibex:ibex_ga_system:0 : '['make']' exited with an error: 2

make: *** [Makefile:66: build-ga-system] Error 1
